<?xml version="1.0" encoding="UTF-8"?>
<testng-results ignored="0" total="1" passed="1" failed="0" skipped="0">
  <reporter-output>
  </reporter-output>
  <suite started-at="2022-07-10T18:59:52 AEST" name="TestHelloMaven" finished-at="2022-07-10T19:00:04 AEST" duration-ms="11583">
    <groups>
    </groups>
    <test started-at="2022-07-10T18:59:52 AEST" name="Command line test" finished-at="2022-07-10T19:00:04 AEST" duration-ms="11583">
      <class name="TestHelloMaven">
        <test-method signature="testHelloMaven()[pri:0, instance:TestHelloMaven@5be49b60]" started-at="2022-07-10T18:59:53 AEST" name="testHelloMaven" finished-at="2022-07-10T19:00:04 AEST" duration-ms="11537" status="PASS">
          <reporter-output>
          </reporter-output>
        </test-method> <!-- testHelloMaven -->
      </class> <!-- TestHelloMaven -->
    </test> <!-- Command line test -->
  </suite> <!-- TestHelloMaven -->
</testng-results>
