<?xml version="1.0" encoding="UTF-8"?>
<testng-results ignored="0" total="1" passed="1" failed="0" skipped="0">
  <reporter-output>
  </reporter-output>
  <suite started-at="2022-06-29T11:34:11 AEST" name="TestHelloMaven" finished-at="2022-06-29T11:34:21 AEST" duration-ms="9681">
    <groups>
    </groups>
    <test started-at="2022-06-29T11:34:11 AEST" name="Command line test" finished-at="2022-06-29T11:34:21 AEST" duration-ms="9681">
      <class name="TestHelloMaven">
        <test-method signature="testHelloMaven()[pri:0, instance:TestHelloMaven@587e5365]" started-at="2022-06-29T11:34:11 AEST" name="testHelloMaven" finished-at="2022-06-29T11:34:21 AEST" duration-ms="9629" status="PASS">
          <reporter-output>
          </reporter-output>
        </test-method> <!-- testHelloMaven -->
      </class> <!-- TestHelloMaven -->
    </test> <!-- Command line test -->
  </suite> <!-- TestHelloMaven -->
</testng-results>
