<?xml version="1.0" encoding="UTF-8"?>
<testng-results ignored="0" total="1" passed="1" failed="0" skipped="0">
  <reporter-output>
  </reporter-output>
  <suite started-at="2022-07-06T22:54:19 AEST" name="Default suite" finished-at="2022-07-06T22:54:29 AEST" duration-ms="9621">
    <groups>
    </groups>
    <test started-at="2022-07-06T22:54:19 AEST" name="Default test" finished-at="2022-07-06T22:54:29 AEST" duration-ms="9621">
      <class name="TestHelloMaven">
        <test-method signature="testHelloMaven()[pri:0, instance:TestHelloMaven@6253c26]" started-at="2022-07-06T22:54:19 AEST" name="testHelloMaven" finished-at="2022-07-06T22:54:29 AEST" duration-ms="9574" status="PASS">
          <reporter-output>
          </reporter-output>
        </test-method> <!-- testHelloMaven -->
      </class> <!-- TestHelloMaven -->
    </test> <!-- Default test -->
  </suite> <!-- Default suite -->
</testng-results>
