<?xml version="1.0" encoding="UTF-8"?>
<testng-results ignored="0" total="1" passed="1" failed="0" skipped="0">
  <reporter-output>
  </reporter-output>
  <suite started-at="2022-07-15T19:25:19 AEST" name="Suite" finished-at="2022-07-15T19:25:26 AEST" duration-ms="6933">
    <groups>
    </groups>
    <test started-at="2022-07-15T19:25:19 AEST" name="Test" finished-at="2022-07-15T19:25:26 AEST" duration-ms="6933">
      <class name="TestHelloMaven">
        <test-method signature="testHelloMaven()[pri:0, instance:TestHelloMaven@2e3967ea]" started-at="2022-07-15T19:25:19 AEST" name="testHelloMaven" finished-at="2022-07-15T19:25:26 AEST" duration-ms="6871" status="PASS">
          <reporter-output>
          </reporter-output>
        </test-method> <!-- testHelloMaven -->
      </class> <!-- TestHelloMaven -->
    </test> <!-- Test -->
  </suite> <!-- Suite -->
</testng-results>
